Arguments: 
  C:\Program Files\nodejs\node.exe C:\Users\cym\AppData\Roaming\npm\node_modules\yarn\bin\yarn.js build

PATH: 
  C:\Program Files\Git\mingw64\bin;C:\Program Files\Git\usr\bin;C:\Users\cym\bin;C:\Program Files (x86)\Intel\Intel(R) Management Engine Components\iCLS;C:\Program Files\Intel\Intel(R) Management Engine Components\iCLS;C:\Windows\system32;C:\Windows;C:\Windows\System32\Wbem;C:\Windows\System32\WindowsPowerShell\v1.0;C:\Program Files (x86)\Intel\Intel(R) Management Engine Components\DAL;C:\Program Files\Intel\Intel(R) Management Engine Components\DAL;C:\Program Files (x86)\Intel\Intel(R) Management Engine Components\IPT;C:\Program Files\Intel\Intel(R) Management Engine Components\IPT;C:\Program Files (x86)\NVIDIA Corporation\PhysX\Common;C:\Program Files\Intel\WiFi\bin;C:\Program Files\Common Files\Intel\WirelessCommon;C:\WINDOWS\system32;C:\WINDOWS;C:\WINDOWS\System32\Wbem;C:\WINDOWS\System32\WindowsPowerShell\v1.0;C:\WINDOWS\System32\OpenSSH;D:\tools\cmder;C:\Program Files\Git\cmd;C:\Users\cym\AppData\Roaming\nvm;C:\Program Files\nodejs;C:\Users\cym\.windows-build-tools\python27;C:\Users\cym\AppData\Local\Microsoft\WindowsApps;C:\Users\cym\AppData\Roaming\npm;C:\Users\cym\AppData\Roaming\nvm;C:\Program Files\nodejs;C:\Users\cym\.windows-build-tools\python27\Scripts;C:\Users\cym\AppData\Local\Programs\Microsoft VS Code\bin;C:\Users\cym\AppData\Local\BypassRuntm

Yarn version: 
  1.17.3

Node version: 
  10.16.3

Platform: 
  win32 x64

Trace: 
  SyntaxError: D:\code\study\webapck\2020-01-16\package.json: Unexpected token . in JSON at position 295
      at JSON.parse (<anonymous>)
      at C:\Users\cym\AppData\Roaming\npm\node_modules\yarn\lib\cli.js:1625:59
      at Generator.next (<anonymous>)
      at step (C:\Users\cym\AppData\Roaming\npm\node_modules\yarn\lib\cli.js:304:30)
      at C:\Users\cym\AppData\Roaming\npm\node_modules\yarn\lib\cli.js:315:13

npm manifest: 
  {
    "name": "2020-01-16",
    "version": "1.0.0",
    "main": "index.js",
    "scripts": {
      "test": "echo \"Error: no test specified\" && exit 1",
      "dll": "webpack --config config/webpack.dll.js",
      "start": "webpack-dev-server --config config/webpack.config.js",
      "build": "cross-env if ["./love"]; rm -rf ./love && webpack --config config/webpack.config.js"
    },
    "keywords": [],
    "author": "chengyuming <diy_mnb@163.com> (http://106.75.126.203/)",
    "license": "MIT",
    "dependencies": {
      "@babel/core": "^7.8.3",
      "@babel/preset-env": "^7.8.3",
      "babel-loader": "^8.0.6",
      "css-loader": "^3.4.2",
      "element-ui": "^2.13.0",
      "file-loader": "^5.0.2",
      "html-webpack-plugin": "^3.2.0",
      "mini-css-extract-plugin": "^0.9.0",
      "node-sass": "^4.13.0",
      "sass-loader": "^8.0.2",
      "style-loader": "^1.1.2",
      "url-loader": "^3.0.0",
      "vue": "^2.6.11",
      "vue-loader": "^15.8.3",
      "vue-router": "^3.1.5",
      "vue-template-compiler": "^2.6.11",
      "webpack": "^4.41.5",
      "webpack-cli": "^3.3.10",
      "webpack-dev-server": "^3.10.1"
    },
    "devDependencies": {
      "cross-env": "^6.0.3"
    },
    "description": ""
  }

yarn manifest: 
  No manifest

Lockfile: 
  No lockfile
